<?xml version="1.0" encoding="UTF-8"?>
<!-- Generated by org.testng.reporters.JUnitReportReporter -->
<testsuite hostname="Apples-MacBook-Pro.local" failures="0" tests="1" name="testCases.TC_ProductSelection" time="21.732" errors="0" timestamp="2022-12-21T18:47:31 PKT" skipped="0">
  <testcase classname="testCases.TC_ProductSelection" name="ProductSelection" time="21.732"/>
  <system-out/>
</testsuite> <!-- testCases.TC_ProductSelection -->
