<?xml version="1.0" encoding="UTF-8"?>
<!-- Generated by org.testng.reporters.JUnitReportReporter -->
<testsuite hostname="Apples-MacBook-Pro.local" failures="0" tests="5" name="testCases.TC_ProductSelection" time="70.558" errors="0" timestamp="2022-12-22T21:14:16 PKT" skipped="0">
  <testcase classname="testCases.TC_ProductSelection" name="ProductSelection" time="15.965"/>
  <system-out/>
  <testcase classname="testCases.TC_ProductSelection" name="ProductSelection" time="12.071"/>
  <system-out/>
  <testcase classname="testCases.TC_ProductSelection" name="ProductSelection" time="15.819"/>
  <system-out/>
  <testcase classname="testCases.TC_ProductSelection" name="ProductSelection" time="13.196"/>
  <system-out/>
  <testcase classname="testCases.TC_ProductSelection" name="ProductSelection" time="13.507"/>
  <system-out/>
</testsuite> <!-- testCases.TC_ProductSelection -->
