<?xml version="1.0" encoding="UTF-8"?>
<!-- Generated by org.testng.reporters.JUnitReportReporter -->
<testsuite hostname="Apples-MacBook-Pro.local" failures="0" tests="1" name="testCases.TC_ProductSelection" time="19.098" errors="0" timestamp="2022-12-22T18:13:59 PKT" skipped="0">
  <testcase classname="testCases.TC_ProductSelection" name="ProductSelection" time="19.098"/>
  <system-out/>
</testsuite> <!-- testCases.TC_ProductSelection -->
